mode: set
github.com/gochain/gochain/pkg/explorer/data/blockchain_provider.go:22.127,28.2 1 1
github.com/gochain/gochain/pkg/explorer/data/blockchain_provider.go:31.74,33.20 1 1
github.com/gochain/gochain/pkg/explorer/data/blockchain_provider.go:33.21,36.3 0 0
github.com/gochain/gochain/pkg/explorer/data/blockchain_provider.go:39.2,40.16 2 1
github.com/gochain/gochain/pkg/explorer/data/blockchain_provider.go:40.16,42.3 1 0
github.com/gochain/gochain/pkg/explorer/data/blockchain_provider.go:44.2,44.18 1 1
github.com/gochain/gochain/pkg/explorer/data/blockchain_provider.go:44.18,46.3 1 1
github.com/gochain/gochain/pkg/explorer/data/blockchain_provider.go:48.2,48.19 1 1
github.com/gochain/gochain/pkg/explorer/data/blockchain_provider.go:52.84,57.20 1 1
github.com/gochain/gochain/pkg/explorer/data/blockchain_provider.go:57.21,60.3 0 0
github.com/gochain/gochain/pkg/explorer/data/blockchain_provider.go:64.2,64.36 1 1
github.com/gochain/gochain/pkg/explorer/data/blockchain_provider.go:68.69,69.20 1 1
github.com/gochain/gochain/pkg/explorer/data/blockchain_provider.go:69.21,72.3 0 0
github.com/gochain/gochain/pkg/explorer/data/blockchain_provider.go:76.2,78.16 3 1
github.com/gochain/gochain/pkg/explorer/data/blockchain_provider.go:78.16,80.3 1 0
github.com/gochain/gochain/pkg/explorer/data/blockchain_provider.go:82.2,82.17 1 1
github.com/gochain/gochain/pkg/explorer/data/blockchain_provider.go:82.17,84.3 1 1
github.com/gochain/gochain/pkg/explorer/data/blockchain_provider.go:86.2,88.16 3 1
github.com/gochain/gochain/pkg/explorer/data/blockchain_provider.go:88.16,90.3 1 0
github.com/gochain/gochain/pkg/explorer/data/blockchain_provider.go:92.2,92.19 1 1
github.com/gochain/gochain/pkg/explorer/data/blockchain_provider.go:96.54,97.20 1 1
github.com/gochain/gochain/pkg/explorer/data/blockchain_provider.go:97.21,100.3 0 0
github.com/gochain/gochain/pkg/explorer/data/blockchain_provider.go:103.2,105.16 3 1
github.com/gochain/gochain/pkg/explorer/data/blockchain_provider.go:105.16,107.3 1 0
github.com/gochain/gochain/pkg/explorer/data/blockchain_provider.go:109.2,109.17 1 1
github.com/gochain/gochain/pkg/explorer/data/blockchain_provider.go:109.17,111.3 1 0
github.com/gochain/gochain/pkg/explorer/data/blockchain_provider.go:114.2,114.20 1 1
github.com/gochain/gochain/pkg/explorer/data/blockchain_provider.go:114.20,118.3 2 1
github.com/gochain/gochain/pkg/explorer/data/blockchain_provider.go:120.2,120.10 1 0
github.com/gochain/gochain/pkg/explorer/data/blockchain_provider.go:124.86,126.24 1 1
github.com/gochain/gochain/pkg/explorer/data/blockchain_provider.go:126.25,129.3 0 1
github.com/gochain/gochain/pkg/explorer/data/blockchain_provider.go:132.2,132.40 1 1
github.com/gochain/gochain/pkg/explorer/data/blockchain_provider.go:136.101,138.16 2 1
github.com/gochain/gochain/pkg/explorer/data/blockchain_provider.go:138.16,140.3 1 1
github.com/gochain/gochain/pkg/explorer/data/blockchain_provider.go:142.2,142.32 1 1
github.com/gochain/gochain/pkg/explorer/data/blockchain_provider.go:146.85,150.2 1 0
github.com/gochain/gochain/pkg/explorer/data/blockchain_provider.go:153.80,154.24 1 1
github.com/gochain/gochain/pkg/explorer/data/blockchain_provider.go:154.24,158.17 2 1
github.com/gochain/gochain/pkg/explorer/data/blockchain_provider.go:158.17,160.4 1 0
github.com/gochain/gochain/pkg/explorer/data/blockchain_provider.go:162.3,163.30 2 1
github.com/gochain/gochain/pkg/explorer/data/blockchain_provider.go:163.30,165.4 1 0
github.com/gochain/gochain/pkg/explorer/data/blockchain_provider.go:166.3,166.22 1 1
github.com/gochain/gochain/pkg/explorer/data/blockchain_provider.go:169.2,169.50 1 0
github.com/gochain/gochain/pkg/explorer/data/blockchain_provider.go:173.118,183.30 4 0
github.com/gochain/gochain/pkg/explorer/data/blockchain_provider.go:183.30,185.3 1 0
github.com/gochain/gochain/pkg/explorer/data/blockchain_provider.go:185.8,187.3 1 0
github.com/gochain/gochain/pkg/explorer/data/blockchain_provider.go:190.2,191.34 2 0
github.com/gochain/gochain/pkg/explorer/data/blockchain_provider.go:191.34,193.3 1 0
github.com/gochain/gochain/pkg/explorer/data/blockchain_provider.go:193.8,195.3 1 0
github.com/gochain/gochain/pkg/explorer/data/blockchain_provider.go:198.2,198.44 1 0
github.com/gochain/gochain/pkg/explorer/data/blockchain_provider.go:198.44,200.33 2 0
github.com/gochain/gochain/pkg/explorer/data/blockchain_provider.go:200.33,201.12 1 0
github.com/gochain/gochain/pkg/explorer/data/blockchain_provider.go:204.3,204.41 1 0
github.com/gochain/gochain/pkg/explorer/data/blockchain_provider.go:204.41,206.49 1 0
github.com/gochain/gochain/pkg/explorer/data/blockchain_provider.go:206.49,208.35 2 0
github.com/gochain/gochain/pkg/explorer/data/blockchain_provider.go:208.35,209.11 1 0
github.com/gochain/gochain/pkg/explorer/data/blockchain_provider.go:214.3,214.33 1 0
github.com/gochain/gochain/pkg/explorer/data/blockchain_provider.go:214.33,215.9 1 0
github.com/gochain/gochain/pkg/explorer/data/blockchain_provider.go:219.2,219.26 1 0
github.com/gochain/gochain/pkg/explorer/data/blockchain_provider.go:223.87,227.2 1 1
github.com/gochain/gochain/pkg/explorer/data/blockchain_provider.go:230.85,235.16 3 1
github.com/gochain/gochain/pkg/explorer/data/blockchain_provider.go:235.16,237.3 1 0
github.com/gochain/gochain/pkg/explorer/data/blockchain_provider.go:240.2,264.19 7 1
github.com/gochain/gochain/pkg/explorer/data/blockchain_provider.go:268.77,281.2 2 1
github.com/gochain/gochain/pkg/explorer/data/blockchain_provider.go:286.91,293.31 3 1
github.com/gochain/gochain/pkg/explorer/data/blockchain_provider.go:293.31,296.17 3 1
github.com/gochain/gochain/pkg/explorer/data/blockchain_provider.go:296.17,298.4 1 1
github.com/gochain/gochain/pkg/explorer/data/blockchain_provider.go:303.2,303.70 1 1
github.com/gochain/gochain/pkg/explorer/data/blockchain_provider.go:307.97,311.39 2 1
github.com/gochain/gochain/pkg/explorer/data/blockchain_provider.go:311.39,313.33 2 1
github.com/gochain/gochain/pkg/explorer/data/blockchain_provider.go:313.33,314.12 1 1
github.com/gochain/gochain/pkg/explorer/data/blockchain_provider.go:317.3,317.41 1 1
github.com/gochain/gochain/pkg/explorer/data/blockchain_provider.go:317.41,318.41 1 0
github.com/gochain/gochain/pkg/explorer/data/blockchain_provider.go:318.41,320.5 1 0
github.com/gochain/gochain/pkg/explorer/data/blockchain_provider.go:324.2,324.49 1 1
github.com/gochain/gochain/pkg/explorer/data/blockchain_provider.go:328.101,333.34 1 0
github.com/gochain/gochain/pkg/explorer/data/blockchain_provider.go:333.34,335.41 1 0
github.com/gochain/gochain/pkg/explorer/data/blockchain_provider.go:335.41,337.4 1 0
github.com/gochain/gochain/pkg/explorer/data/blockchain_provider.go:341.2,341.36 1 0
github.com/gochain/gochain/pkg/explorer/data/blockchain_provider.go:341.36,343.45 1 0
github.com/gochain/gochain/pkg/explorer/data/blockchain_provider.go:343.45,345.4 1 0
github.com/gochain/gochain/pkg/explorer/data/blockchain_provider.go:348.2,348.14 1 0
github.com/gochain/gochain/pkg/explorer/data/blockchain_provider.go:352.65,357.2 2 1
github.com/gochain/gochain/pkg/explorer/data/blockchain_provider.go:360.62,365.2 2 1
github.com/gochain/gochain/pkg/explorer/data/blockchain_provider.go:368.60,372.2 1 1
github.com/gochain/gochain/pkg/explorer/data/blockchain_provider.go:375.66,379.2 1 1
github.com/gochain/gochain/pkg/explorer/data/cache_provider.go:33.51,40.2 1 0
github.com/gochain/gochain/pkg/explorer/data/cache_provider.go:43.61,48.13 4 0
github.com/gochain/gochain/pkg/explorer/data/cache_provider.go:48.13,51.3 2 0
github.com/gochain/gochain/pkg/explorer/data/cache_provider.go:54.2,54.40 1 0
github.com/gochain/gochain/pkg/explorer/data/cache_provider.go:54.40,64.3 8 0
github.com/gochain/gochain/pkg/explorer/data/cache_provider.go:66.2,67.26 2 0
github.com/gochain/gochain/pkg/explorer/data/cache_provider.go:71.79,76.42 3 0
github.com/gochain/gochain/pkg/explorer/data/cache_provider.go:76.42,78.3 1 0
github.com/gochain/gochain/pkg/explorer/data/cache_provider.go:81.2,88.13 3 0
github.com/gochain/gochain/pkg/explorer/data/cache_provider.go:88.13,90.3 1 0
github.com/gochain/gochain/pkg/explorer/data/cache_provider.go:92.2,92.22 1 0
github.com/gochain/gochain/pkg/explorer/data/cache_provider.go:96.44,100.39 3 0
github.com/gochain/gochain/pkg/explorer/data/cache_provider.go:100.39,103.3 2 0
github.com/gochain/gochain/pkg/explorer/data/cache_provider.go:107.33,113.2 4 0
github.com/gochain/gochain/pkg/explorer/data/cache_provider.go:116.55,122.15 5 0
github.com/gochain/gochain/pkg/explorer/data/cache_provider.go:122.15,124.3 1 0
github.com/gochain/gochain/pkg/explorer/data/cache_provider.go:126.2,132.3 1 0
github.com/gochain/gochain/pkg/explorer/data/cache_provider.go:136.39,146.34 3 0
github.com/gochain/gochain/pkg/explorer/data/cache_provider.go:146.34,151.3 1 0
github.com/gochain/gochain/pkg/explorer/data/cache_provider.go:156.2,157.18 2 0
github.com/gochain/gochain/pkg/explorer/data/cache_provider.go:157.18,158.53 1 0
github.com/gochain/gochain/pkg/explorer/data/cache_provider.go:158.53,161.4 2 0
github.com/gochain/gochain/pkg/explorer/data/cache_provider.go:167.34,171.2 3 0
github.com/gochain/gochain/pkg/explorer/data/cache_provider.go:173.35,177.2 3 0
github.com/gochain/gochain/pkg/explorer/data/cache_provider.go:179.36,183.2 3 0
github.com/gochain/gochain/pkg/explorer/data/cache_provider.go:185.37,189.2 3 0
github.com/gochain/gochain/pkg/explorer/data/cache_provider.go:191.37,194.16 3 0
github.com/gochain/gochain/pkg/explorer/data/cache_provider.go:194.16,196.3 1 0
github.com/gochain/gochain/pkg/explorer/data/cache_provider.go:199.34,203.2 3 0
github.com/gochain/gochain/pkg/explorer/data/search_provider.go:19.97,23.2 1 0
github.com/gochain/gochain/pkg/explorer/data/search_provider.go:26.84,29.17 2 0
github.com/gochain/gochain/pkg/explorer/data/search_provider.go:29.17,34.3 1 0
github.com/gochain/gochain/pkg/explorer/data/search_provider.go:39.2,39.44 1 0
github.com/gochain/gochain/pkg/explorer/data/search_provider.go:39.44,41.17 2 0
github.com/gochain/gochain/pkg/explorer/data/search_provider.go:41.17,44.34 2 0
github.com/gochain/gochain/pkg/explorer/data/search_provider.go:44.34,60.5 2 0
github.com/gochain/gochain/pkg/explorer/data/search_provider.go:65.2,65.44 1 0
github.com/gochain/gochain/pkg/explorer/data/search_provider.go:65.44,67.17 2 0
github.com/gochain/gochain/pkg/explorer/data/search_provider.go:67.17,70.31 2 0
github.com/gochain/gochain/pkg/explorer/data/search_provider.go:70.31,73.35 2 0
github.com/gochain/gochain/pkg/explorer/data/search_provider.go:73.35,91.6 2 0
github.com/gochain/gochain/pkg/explorer/data/search_provider.go:97.2,97.67 1 0
github.com/gochain/gochain/pkg/explorer/data/search_provider.go:97.67,100.17 2 0
github.com/gochain/gochain/pkg/explorer/data/search_provider.go:100.17,114.4 2 0
github.com/gochain/gochain/pkg/explorer/data/search_provider.go:118.2,118.28 1 0
github.com/gochain/gochain/pkg/explorer/data/search_provider.go:118.28,120.17 2 0
github.com/gochain/gochain/pkg/explorer/data/search_provider.go:120.17,122.34 2 0
github.com/gochain/gochain/pkg/explorer/data/search_provider.go:122.34,138.5 2 0
github.com/gochain/gochain/pkg/explorer/data/search_provider.go:143.2,149.8 2 0
github.com/gochain/gochain/pkg/explorer/data/search_provider.go:153.111,164.19 5 0
github.com/gochain/gochain/pkg/explorer/data/search_provider.go:164.19,166.3 1 0
github.com/gochain/gochain/pkg/explorer/data/search_provider.go:168.2,168.54 1 0
github.com/gochain/gochain/pkg/explorer/data/search_provider.go:168.54,170.33 2 0
github.com/gochain/gochain/pkg/explorer/data/search_provider.go:170.33,171.12 1 0
github.com/gochain/gochain/pkg/explorer/data/search_provider.go:175.3,175.40 1 0
github.com/gochain/gochain/pkg/explorer/data/search_provider.go:175.40,187.29 3 0
github.com/gochain/gochain/pkg/explorer/data/search_provider.go:187.29,188.10 1 0
github.com/gochain/gochain/pkg/explorer/data/search_provider.go:193.2,193.21 1 0
github.com/gochain/gochain/pkg/explorer/data/search_provider.go:197.123,208.19 5 0
github.com/gochain/gochain/pkg/explorer/data/search_provider.go:208.19,210.3 1 0
github.com/gochain/gochain/pkg/explorer/data/search_provider.go:212.2,212.54 1 0
github.com/gochain/gochain/pkg/explorer/data/search_provider.go:212.54,214.33 2 0
github.com/gochain/gochain/pkg/explorer/data/search_provider.go:214.33,215.12 1 0
github.com/gochain/gochain/pkg/explorer/data/search_provider.go:218.3,218.41 1 0
github.com/gochain/gochain/pkg/explorer/data/search_provider.go:218.41,219.44 1 0
github.com/gochain/gochain/pkg/explorer/data/search_provider.go:219.44,233.30 3 0
github.com/gochain/gochain/pkg/explorer/data/search_provider.go:233.30,234.11 1 0
github.com/gochain/gochain/pkg/explorer/data/search_provider.go:239.3,239.28 1 0
github.com/gochain/gochain/pkg/explorer/data/search_provider.go:239.28,240.9 1 0
github.com/gochain/gochain/pkg/explorer/data/search_provider.go:244.2,244.21 1 0
github.com/gochain/gochain/pkg/explorer/data/search_provider.go:248.116,255.2 1 0
github.com/gochain/gochain/pkg/explorer/data/search_provider.go:260.90,264.39 2 0
github.com/gochain/gochain/pkg/explorer/data/search_provider.go:264.39,266.33 2 0
github.com/gochain/gochain/pkg/explorer/data/search_provider.go:266.33,267.12 1 0
github.com/gochain/gochain/pkg/explorer/data/search_provider.go:270.3,270.41 1 0
github.com/gochain/gochain/pkg/explorer/data/search_provider.go:270.41,271.41 1 0
github.com/gochain/gochain/pkg/explorer/data/search_provider.go:271.41,273.5 1 0
github.com/gochain/gochain/pkg/explorer/data/search_provider.go:277.2,277.49 1 0
github.com/gochain/gochain/pkg/explorer/data/search_provider.go:281.89,285.2 2 0
github.com/gochain/gochain/pkg/explorer/data/search_provider.go:288.98,292.2 2 0
github.com/gochain/gochain/pkg/explorer/data/search_provider.go:295.75,305.2 2 0
github.com/gochain/gochain/pkg/explorer/data/search_provider.go:310.33,311.22 1 0
github.com/gochain/gochain/pkg/explorer/data/search_provider.go:311.22,312.84 1 0
github.com/gochain/gochain/pkg/explorer/data/search_provider.go:312.84,314.4 1 0
github.com/gochain/gochain/pkg/explorer/data/search_provider.go:316.2,316.13 1 0
github.com/gochain/gochain/pkg/explorer/data/search_provider.go:320.36,322.22 2 0
github.com/gochain/gochain/pkg/explorer/data/search_provider.go:322.22,323.44 1 0
github.com/gochain/gochain/pkg/explorer/data/search_provider.go:323.44,325.4 1 0
github.com/gochain/gochain/pkg/explorer/data/search_provider.go:327.2,327.13 1 0
github.com/gochain/gochain/pkg/explorer/data/search_provider.go:331.37,332.22 1 0
github.com/gochain/gochain/pkg/explorer/data/search_provider.go:332.22,333.25 1 0
github.com/gochain/gochain/pkg/explorer/data/search_provider.go:333.25,335.4 1 0
github.com/gochain/gochain/pkg/explorer/data/search_provider.go:337.2,337.13 1 0
github.com/gochain/gochain/pkg/explorer/data/search_provider.go:341.44,343.22 2 0
github.com/gochain/gochain/pkg/explorer/data/search_provider.go:343.22,345.3 1 0
github.com/gochain/gochain/pkg/explorer/data/search_provider.go:346.2,346.20 1 0
