mode: atomic
github.com/gochain/gochain/cmd/gochain/main.go:44.13,67.42 12 0
github.com/gochain/gochain/cmd/gochain/main.go:67.42,70.3 2 0
github.com/gochain/gochain/cmd/gochain/main.go:73.55,75.37 1 1
github.com/gochain/gochain/cmd/gochain/main.go:75.37,77.3 1 0
github.com/gochain/gochain/cmd/gochain/main.go:79.2,91.31 8 1
github.com/gochain/gochain/cmd/gochain/main.go:91.31,93.3 1 0
github.com/gochain/gochain/cmd/gochain/main.go:95.2,96.19 2 1
github.com/gochain/gochain/cmd/gochain/main.go:96.19,98.3 1 1
github.com/gochain/gochain/cmd/gochain/main.go:100.2,101.16 2 1
github.com/gochain/gochain/cmd/gochain/main.go:101.16,103.3 1 0
github.com/gochain/gochain/cmd/gochain/main.go:104.2,109.16 5 1
github.com/gochain/gochain/cmd/gochain/main.go:109.16,111.3 1 0
github.com/gochain/gochain/cmd/gochain/main.go:113.2,127.16 12 1
github.com/gochain/gochain/cmd/gochain/main.go:127.16,129.3 1 0
github.com/gochain/gochain/cmd/gochain/main.go:132.2,136.41 3 1
github.com/gochain/gochain/cmd/gochain/main.go:136.41,141.51 3 0
github.com/gochain/gochain/cmd/gochain/main.go:141.51,143.4 1 0
github.com/gochain/gochain/cmd/gochain/main.go:143.9,147.97 4 0
github.com/gochain/gochain/cmd/gochain/main.go:147.97,149.5 1 0
github.com/gochain/gochain/cmd/gochain/main.go:153.3,153.55 1 0
github.com/gochain/gochain/cmd/gochain/main.go:153.55,164.20 6 0
github.com/gochain/gochain/cmd/gochain/main.go:164.20,167.5 2 0
github.com/gochain/gochain/cmd/gochain/main.go:170.4,175.68 3 0
github.com/gochain/gochain/cmd/gochain/main.go:180.2,181.16 2 1
github.com/gochain/gochain/cmd/gochain/main.go:181.16,184.3 2 0
github.com/gochain/gochain/cmd/gochain/main.go:185.2,192.12 4 1
github.com/gochain/gochain/cmd/gochain/main.go:192.12,193.7 1 1
github.com/gochain/gochain/cmd/gochain/main.go:193.7,194.11 1 1
github.com/gochain/gochain/cmd/gochain/main.go:195.22,196.11 1 0
github.com/gochain/gochain/cmd/gochain/main.go:197.12,199.19 2 1
github.com/gochain/gochain/cmd/gochain/main.go:199.19,200.33 1 1
github.com/gochain/gochain/cmd/gochain/main.go:200.33,202.7 1 1
github.com/gochain/gochain/cmd/gochain/main.go:203.6,204.34 2 0
github.com/gochain/gochain/cmd/gochain/main.go:204.34,206.7 1 0
github.com/gochain/gochain/cmd/gochain/main.go:207.6,207.14 1 0
github.com/gochain/gochain/cmd/gochain/main.go:210.5,211.66 2 0
github.com/gochain/gochain/cmd/gochain/main.go:211.66,213.34 2 0
github.com/gochain/gochain/cmd/gochain/main.go:213.34,215.7 1 0
github.com/gochain/gochain/cmd/gochain/main.go:216.6,216.14 1 0
github.com/gochain/gochain/cmd/gochain/main.go:220.5,221.19 2 0
github.com/gochain/gochain/cmd/gochain/main.go:221.19,223.34 2 0
github.com/gochain/gochain/cmd/gochain/main.go:223.34,225.7 1 0
github.com/gochain/gochain/cmd/gochain/main.go:226.6,226.14 1 0
github.com/gochain/gochain/cmd/gochain/main.go:228.5,231.19 4 0
github.com/gochain/gochain/cmd/gochain/main.go:231.19,233.34 2 0
github.com/gochain/gochain/cmd/gochain/main.go:233.34,235.7 1 0
github.com/gochain/gochain/cmd/gochain/main.go:236.6,236.14 1 0
github.com/gochain/gochain/cmd/gochain/main.go:238.5,239.19 2 0
github.com/gochain/gochain/cmd/gochain/main.go:239.19,241.34 2 0
github.com/gochain/gochain/cmd/gochain/main.go:241.34,243.7 1 0
github.com/gochain/gochain/cmd/gochain/main.go:244.6,244.14 1 0
github.com/gochain/gochain/cmd/gochain/main.go:246.5,246.18 1 0
github.com/gochain/gochain/cmd/gochain/main.go:246.18,248.34 2 0
github.com/gochain/gochain/cmd/gochain/main.go:248.34,250.7 1 0
github.com/gochain/gochain/cmd/gochain/main.go:251.6,251.14 1 0
github.com/gochain/gochain/cmd/gochain/main.go:255.5,255.49 1 0
github.com/gochain/gochain/cmd/gochain/main.go:256.42,258.83 2 0
github.com/gochain/gochain/cmd/gochain/main.go:258.83,260.35 2 0
github.com/gochain/gochain/cmd/gochain/main.go:260.35,262.8 1 0
github.com/gochain/gochain/cmd/gochain/main.go:263.7,263.15 1 0
github.com/gochain/gochain/cmd/gochain/main.go:267.6,270.51 3 0
github.com/gochain/gochain/cmd/gochain/main.go:270.51,272.35 2 0
github.com/gochain/gochain/cmd/gochain/main.go:272.35,275.8 2 0
github.com/gochain/gochain/cmd/gochain/main.go:276.12,277.35 1 0
github.com/gochain/gochain/cmd/gochain/main.go:277.35,288.24 7 0
github.com/gochain/gochain/cmd/gochain/main.go:288.24,291.9 2 0
github.com/gochain/gochain/cmd/gochain/main.go:294.8,295.68 2 0
github.com/gochain/gochain/cmd/gochain/main.go:298.13,300.34 2 0
github.com/gochain/gochain/cmd/gochain/main.go:300.34,302.7 1 0
github.com/gochain/gochain/cmd/gochain/main.go:303.6,303.14 1 0
github.com/gochain/gochain/cmd/gochain/main.go:309.2,310.16 2 1
github.com/gochain/gochain/cmd/gochain/main.go:310.16,313.3 2 0
github.com/gochain/gochain/cmd/gochain/main.go:314.2,317.12 2 1
github.com/gochain/gochain/cmd/gochain/main.go:317.12,318.7 1 1
github.com/gochain/gochain/cmd/gochain/main.go:318.7,319.11 1 1
github.com/gochain/gochain/cmd/gochain/main.go:320.22,321.11 1 0
github.com/gochain/gochain/cmd/gochain/main.go:322.12,324.19 2 1
github.com/gochain/gochain/cmd/gochain/main.go:324.19,325.33 1 1
github.com/gochain/gochain/cmd/gochain/main.go:325.33,327.7 1 1
github.com/gochain/gochain/cmd/gochain/main.go:328.6,329.34 2 0
github.com/gochain/gochain/cmd/gochain/main.go:329.34,331.7 1 0
github.com/gochain/gochain/cmd/gochain/main.go:332.6,332.14 1 0
github.com/gochain/gochain/cmd/gochain/main.go:335.5,336.66 2 0
github.com/gochain/gochain/cmd/gochain/main.go:336.66,338.34 2 0
github.com/gochain/gochain/cmd/gochain/main.go:338.34,340.7 1 0
github.com/gochain/gochain/cmd/gochain/main.go:341.6,341.14 1 0
github.com/gochain/gochain/cmd/gochain/main.go:345.5,346.19 2 0
github.com/gochain/gochain/cmd/gochain/main.go:346.19,348.34 2 0
github.com/gochain/gochain/cmd/gochain/main.go:348.34,350.7 1 0
github.com/gochain/gochain/cmd/gochain/main.go:351.6,351.14 1 0
github.com/gochain/gochain/cmd/gochain/main.go:353.5,356.19 4 0
github.com/gochain/gochain/cmd/gochain/main.go:356.19,358.34 2 0
github.com/gochain/gochain/cmd/gochain/main.go:358.34,360.7 1 0
github.com/gochain/gochain/cmd/gochain/main.go:361.6,361.14 1 0
github.com/gochain/gochain/cmd/gochain/main.go:363.5,364.19 2 0
github.com/gochain/gochain/cmd/gochain/main.go:364.19,366.34 2 0
github.com/gochain/gochain/cmd/gochain/main.go:366.34,368.7 1 0
github.com/gochain/gochain/cmd/gochain/main.go:369.6,369.14 1 0
github.com/gochain/gochain/cmd/gochain/main.go:371.5,371.18 1 0
github.com/gochain/gochain/cmd/gochain/main.go:371.18,373.20 2 0
github.com/gochain/gochain/cmd/gochain/main.go:373.20,375.35 2 0
github.com/gochain/gochain/cmd/gochain/main.go:375.35,377.8 1 0
github.com/gochain/gochain/cmd/gochain/main.go:378.7,378.15 1 0
github.com/gochain/gochain/cmd/gochain/main.go:380.6,381.34 2 0
github.com/gochain/gochain/cmd/gochain/main.go:381.34,383.7 1 0
github.com/gochain/gochain/cmd/gochain/main.go:384.6,384.14 1 0
github.com/gochain/gochain/cmd/gochain/main.go:388.5,388.49 1 0
github.com/gochain/gochain/cmd/gochain/main.go:389.48,391.92 2 0
github.com/gochain/gochain/cmd/gochain/main.go:391.92,393.35 2 0
github.com/gochain/gochain/cmd/gochain/main.go:393.35,395.8 1 0
github.com/gochain/gochain/cmd/gochain/main.go:396.7,396.15 1 0
github.com/gochain/gochain/cmd/gochain/main.go:400.6,403.56 3 0
github.com/gochain/gochain/cmd/gochain/main.go:403.56,405.35 2 0
github.com/gochain/gochain/cmd/gochain/main.go:405.35,408.8 2 0
github.com/gochain/gochain/cmd/gochain/main.go:409.12,410.35 1 0
github.com/gochain/gochain/cmd/gochain/main.go:410.35,418.8 4 0
github.com/gochain/gochain/cmd/gochain/main.go:420.13,422.34 2 0
github.com/gochain/gochain/cmd/gochain/main.go:422.34,424.7 1 0
github.com/gochain/gochain/cmd/gochain/main.go:425.6,425.14 1 0
github.com/gochain/gochain/cmd/gochain/main.go:432.2,432.12 1 1
github.com/gochain/gochain/cmd/gochain/main.go:432.12,433.45 1 0
github.com/gochain/gochain/cmd/gochain/main.go:433.45,435.4 1 0
github.com/gochain/gochain/cmd/gochain/main.go:436.3,439.31 2 0
github.com/gochain/gochain/cmd/gochain/main.go:439.31,441.4 1 0
github.com/gochain/gochain/cmd/gochain/main.go:445.2,446.34 2 1
github.com/gochain/gochain/cmd/gochain/main.go:446.34,451.51 3 0
github.com/gochain/gochain/cmd/gochain/main.go:451.51,453.24 1 0
github.com/gochain/gochain/cmd/gochain/main.go:453.24,455.44 1 0
github.com/gochain/gochain/cmd/gochain/main.go:455.44,456.27 1 0
github.com/gochain/gochain/cmd/gochain/main.go:456.27,457.50 1 0
github.com/gochain/gochain/cmd/gochain/main.go:457.50,458.58 1 0
github.com/gochain/gochain/cmd/gochain/main.go:458.58,460.9 1 0
github.com/gochain/gochain/cmd/gochain/main.go:462.7,462.12 1 0
github.com/gochain/gochain/cmd/gochain/main.go:469.3,480.13 4 0
github.com/gochain/gochain/cmd/gochain/main.go:480.13,481.44 1 0
github.com/gochain/gochain/cmd/gochain/main.go:481.44,483.5 1 0
github.com/gochain/gochain/cmd/gochain/main.go:486.3,486.56 1 0
github.com/gochain/gochain/cmd/gochain/main.go:490.2,490.12 1 1
github.com/gochain/gochain/cmd/gochain/main.go:490.12,494.7 3 1
github.com/gochain/gochain/cmd/gochain/main.go:494.7,495.11 1 1
github.com/gochain/gochain/cmd/gochain/main.go:496.22,497.11 1 1
github.com/gochain/gochain/cmd/gochain/main.go:498.20,503.25 4 0
github.com/gochain/gochain/cmd/gochain/main.go:503.25,509.6 1 0
github.com/gochain/gochain/cmd/gochain/main.go:509.11,514.6 1 0
github.com/gochain/gochain/cmd/gochain/main.go:517.5,517.33 1 0
github.com/gochain/gochain/cmd/gochain/main.go:517.33,522.26 3 0
github.com/gochain/gochain/cmd/gochain/main.go:522.26,524.7 1 0
github.com/gochain/gochain/cmd/gochain/main.go:531.2,541.12 6 1
github.com/gochain/gochain/cmd/gochain/main.go:541.12,544.31 2 0
github.com/gochain/gochain/cmd/gochain/main.go:544.31,546.4 1 0
github.com/gochain/gochain/cmd/gochain/main.go:548.2,552.30 3 1
github.com/gochain/gochain/cmd/gochain/main.go:552.30,554.50 2 0
github.com/gochain/gochain/cmd/gochain/main.go:554.50,556.4 1 0
github.com/gochain/gochain/cmd/gochain/main.go:556.9,558.4 1 0
github.com/gochain/gochain/cmd/gochain/main.go:562.2,562.22 1 1
github.com/gochain/gochain/cmd/gochain/main.go:562.22,565.3 1 0
github.com/gochain/gochain/cmd/gochain/main.go:567.2,568.12 2 1
github.com/gochain/gochain/cmd/gochain/main.go:571.25,572.22 1 3
github.com/gochain/gochain/cmd/gochain/main.go:572.22,574.3 1 0
github.com/gochain/gochain/cmd/gochain/main.go:574.8,579.3 4 3
github.com/gochain/gochain/cmd/gochain/main.go:581.2,583.45 2 3
github.com/gochain/gochain/cmd/gochain/main.go:583.45,584.56 1 3
github.com/gochain/gochain/cmd/gochain/main.go:584.56,586.4 1 0
github.com/gochain/gochain/cmd/gochain/main.go:589.2,589.12 1 3
github.com/gochain/gochain/cmd/gochain/main.go:592.39,596.55 1 2
github.com/gochain/gochain/cmd/gochain/main.go:596.55,600.18 3 1
github.com/gochain/gochain/cmd/gochain/main.go:600.18,602.5 1 0
github.com/gochain/gochain/cmd/gochain/main.go:603.4,611.18 7 1
github.com/gochain/gochain/cmd/gochain/main.go:611.18,613.5 1 0
github.com/gochain/gochain/cmd/gochain/main.go:616.4,616.40 1 1
github.com/gochain/gochain/cmd/gochain/main.go:616.40,618.5 1 0
github.com/gochain/gochain/cmd/gochain/main.go:620.4,625.14 5 1
github.com/gochain/gochain/cmd/gochain/main.go:630.44,637.55 3 2
github.com/gochain/gochain/cmd/gochain/main.go:637.55,641.18 3 0
github.com/gochain/gochain/cmd/gochain/main.go:641.18,643.5 1 0
github.com/gochain/gochain/cmd/gochain/main.go:644.4,652.18 7 0
github.com/gochain/gochain/cmd/gochain/main.go:652.18,654.5 1 0
github.com/gochain/gochain/cmd/gochain/main.go:656.4,657.18 2 0
github.com/gochain/gochain/cmd/gochain/main.go:657.18,659.5 1 0
github.com/gochain/gochain/cmd/gochain/main.go:662.4,662.40 1 0
github.com/gochain/gochain/cmd/gochain/main.go:662.40,664.5 1 0
github.com/gochain/gochain/cmd/gochain/main.go:666.4,673.14 7 0
github.com/gochain/gochain/cmd/gochain/main.go:677.2,686.12 8 2
github.com/gochain/gochain/cmd/gochain/main.go:689.37,695.55 2 2
github.com/gochain/gochain/cmd/gochain/main.go:695.55,699.18 3 0
github.com/gochain/gochain/cmd/gochain/main.go:699.18,701.5 1 0
github.com/gochain/gochain/cmd/gochain/main.go:702.4,710.18 7 0
github.com/gochain/gochain/cmd/gochain/main.go:710.18,712.5 1 0
github.com/gochain/gochain/cmd/gochain/main.go:714.4,717.14 3 0
github.com/gochain/gochain/cmd/gochain/main.go:721.2,724.12 3 2
github.com/gochain/gochain/cmd/gochain/main.go:727.44,731.55 1 2
github.com/gochain/gochain/cmd/gochain/main.go:731.55,733.39 1 0
github.com/gochain/gochain/cmd/gochain/main.go:733.39,735.5 1 0
github.com/gochain/gochain/cmd/gochain/main.go:738.4,743.33 4 0
github.com/gochain/gochain/cmd/gochain/main.go:743.33,745.5 1 0
github.com/gochain/gochain/cmd/gochain/main.go:747.4,748.21 2 0
github.com/gochain/gochain/cmd/gochain/main.go:748.21,750.5 1 0
github.com/gochain/gochain/cmd/gochain/main.go:752.4,753.18 2 0
github.com/gochain/gochain/cmd/gochain/main.go:753.18,755.5 1 0
github.com/gochain/gochain/cmd/gochain/main.go:756.4,761.18 5 0
github.com/gochain/gochain/cmd/gochain/main.go:761.18,763.5 1 0
github.com/gochain/gochain/cmd/gochain/main.go:765.4,773.14 8 0
github.com/gochain/gochain/cmd/gochain/main.go:779.35,781.66 2 5
github.com/gochain/gochain/cmd/gochain/main.go:781.66,782.36 1 4
github.com/gochain/gochain/cmd/gochain/main.go:783.16,784.27 1 0
github.com/gochain/gochain/cmd/gochain/main.go:785.15,786.26 1 0
github.com/gochain/gochain/cmd/gochain/main.go:787.15,788.26 1 0
github.com/gochain/gochain/cmd/gochain/main.go:789.16,790.27 1 0
github.com/gochain/gochain/cmd/gochain/main.go:794.2,802.18 6 5
github.com/gochain/gochain/cmd/gochain/main.go:802.18,804.3 1 4
github.com/gochain/gochain/cmd/gochain/main.go:805.2,805.21 1 5
github.com/gochain/gochain/cmd/gochain/main.go:805.21,807.3 1 4
github.com/gochain/gochain/cmd/gochain/main.go:809.2,818.36 2 5
github.com/gochain/gochain/cmd/gochain/main.go:822.50,826.23 3 1
github.com/gochain/gochain/cmd/gochain/main.go:826.23,827.63 1 0
github.com/gochain/gochain/cmd/gochain/main.go:827.63,828.55 1 0
github.com/gochain/gochain/cmd/gochain/main.go:828.55,830.5 1 0
github.com/gochain/gochain/cmd/gochain/main.go:835.2,837.22 3 1
github.com/gochain/gochain/cmd/gochain/main.go:837.22,838.62 1 0
github.com/gochain/gochain/cmd/gochain/main.go:838.62,839.55 1 0
github.com/gochain/gochain/cmd/gochain/main.go:839.55,841.5 1 0
github.com/gochain/gochain/cmd/gochain/main.go:846.2,847.26 2 1
github.com/gochain/gochain/cmd/gochain/main.go:847.26,849.3 1 1
github.com/gochain/gochain/cmd/gochain/main.go:851.2,852.30 2 1
github.com/gochain/gochain/cmd/gochain/main.go:852.30,854.3 1 1
github.com/gochain/gochain/cmd/gochain/main.go:857.2,858.77 2 1
github.com/gochain/gochain/cmd/gochain/main.go:858.77,859.36 1 0
github.com/gochain/gochain/cmd/gochain/main.go:860.16,861.37 1 0
github.com/gochain/gochain/cmd/gochain/main.go:862.15,863.36 1 0
github.com/gochain/gochain/cmd/gochain/main.go:864.15,865.36 1 0
github.com/gochain/gochain/cmd/gochain/main.go:866.16,867.37 1 0
github.com/gochain/gochain/cmd/gochain/main.go:871.2,879.28 6 1
github.com/gochain/gochain/cmd/gochain/main.go:879.28,881.3 1 1
github.com/gochain/gochain/cmd/gochain/main.go:882.2,882.31 1 1
github.com/gochain/gochain/cmd/gochain/main.go:882.31,884.3 1 1
github.com/gochain/gochain/cmd/gochain/main.go:886.2,898.3 1 1
