mode: atomic
github.com/gochain/gochain/pkg/security/fuzzer.go:68.38,83.2 1 16
github.com/gochain/gochain/pkg/security/fuzzer.go:86.78,95.2 1 14
github.com/gochain/gochain/pkg/security/fuzzer.go:98.57,102.17 3 2
github.com/gochain/gochain/pkg/security/fuzzer.go:102.17,104.3 1 0
github.com/gochain/gochain/pkg/security/fuzzer.go:106.2,113.12 5 2
github.com/gochain/gochain/pkg/security/fuzzer.go:117.32,121.17 3 2
github.com/gochain/gochain/pkg/security/fuzzer.go:121.17,124.3 2 2
github.com/gochain/gochain/pkg/security/fuzzer.go:128.35,132.2 3 3
github.com/gochain/gochain/pkg/security/fuzzer.go:135.31,142.44 4 2
github.com/gochain/gochain/pkg/security/fuzzer.go:142.44,144.25 2 6
github.com/gochain/gochain/pkg/security/fuzzer.go:144.25,147.4 2 6
github.com/gochain/gochain/pkg/security/fuzzer.go:151.2,151.12 1 2
github.com/gochain/gochain/pkg/security/fuzzer.go:151.12,152.31 1 2
github.com/gochain/gochain/pkg/security/fuzzer.go:152.31,156.4 3 0
github.com/gochain/gochain/pkg/security/fuzzer.go:160.2,160.9 1 2
github.com/gochain/gochain/pkg/security/fuzzer.go:161.20,161.20 0 2
github.com/gochain/gochain/pkg/security/fuzzer.go:163.39,163.39 0 0
github.com/gochain/gochain/pkg/security/fuzzer.go:165.30,167.13 2 2
github.com/gochain/gochain/pkg/security/fuzzer.go:167.13,168.44 1 2
github.com/gochain/gochain/pkg/security/fuzzer.go:168.44,170.5 1 2
github.com/gochain/gochain/pkg/security/fuzzer.go:171.4,171.13 1 0
github.com/gochain/gochain/pkg/security/fuzzer.go:173.3,173.12 1 2
github.com/gochain/gochain/pkg/security/fuzzer.go:174.6,174.6 0 0
github.com/gochain/gochain/pkg/security/fuzzer.go:179.2,184.15 5 2
github.com/gochain/gochain/pkg/security/fuzzer.go:188.71,200.6 9 6
github.com/gochain/gochain/pkg/security/fuzzer.go:200.6,201.10 1 260
github.com/gochain/gochain/pkg/security/fuzzer.go:202.21,203.10 1 6
github.com/gochain/gochain/pkg/security/fuzzer.go:204.11,204.11 0 254
github.com/gochain/gochain/pkg/security/fuzzer.go:208.3,216.24 4 254
github.com/gochain/gochain/pkg/security/fuzzer.go:217.16,219.34 2 0
github.com/gochain/gochain/pkg/security/fuzzer.go:219.34,221.5 1 0
github.com/gochain/gochain/pkg/security/fuzzer.go:222.18,223.18 1 0
github.com/gochain/gochain/pkg/security/fuzzer.go:224.16,225.16 1 0
github.com/gochain/gochain/pkg/security/fuzzer.go:226.18,227.18 1 254
github.com/gochain/gochain/pkg/security/fuzzer.go:231.3,231.26 1 254
github.com/gochain/gochain/pkg/security/fuzzer.go:231.26,232.11 1 0
github.com/gochain/gochain/pkg/security/fuzzer.go:247.6,247.6 0 0
github.com/gochain/gochain/pkg/security/fuzzer.go:248.12,248.12 0 0
github.com/gochain/gochain/pkg/security/fuzzer.go:265.91,273.12 4 255
github.com/gochain/gochain/pkg/security/fuzzer.go:273.12,276.3 2 255
github.com/gochain/gochain/pkg/security/fuzzer.go:279.2,282.12 3 255
github.com/gochain/gochain/pkg/security/fuzzer.go:282.12,283.16 1 255
github.com/gochain/gochain/pkg/security/fuzzer.go:283.16,284.32 1 255
github.com/gochain/gochain/pkg/security/fuzzer.go:284.32,286.5 1 0
github.com/gochain/gochain/pkg/security/fuzzer.go:287.4,287.15 1 255
github.com/gochain/gochain/pkg/security/fuzzer.go:291.3,291.23 1 255
github.com/gochain/gochain/pkg/security/fuzzer.go:295.2,295.9 1 255
github.com/gochain/gochain/pkg/security/fuzzer.go:296.14,297.22 1 255
github.com/gochain/gochain/pkg/security/fuzzer.go:297.22,311.4 3 0
github.com/gochain/gochain/pkg/security/fuzzer.go:311.9,313.4 1 255
github.com/gochain/gochain/pkg/security/fuzzer.go:314.17,315.28 1 0
github.com/gochain/gochain/pkg/security/fuzzer.go:318.2,319.15 2 255
github.com/gochain/gochain/pkg/security/fuzzer.go:323.44,325.20 1 255
github.com/gochain/gochain/pkg/security/fuzzer.go:325.20,337.3 4 255
github.com/gochain/gochain/pkg/security/fuzzer.go:341.49,342.15 1 259
github.com/gochain/gochain/pkg/security/fuzzer.go:342.15,343.31 1 259
github.com/gochain/gochain/pkg/security/fuzzer.go:343.32,345.4 0 0
github.com/gochain/gochain/pkg/security/fuzzer.go:349.2,363.27 2 259
github.com/gochain/gochain/pkg/security/fuzzer.go:367.55,368.15 1 259
github.com/gochain/gochain/pkg/security/fuzzer.go:368.15,369.31 1 259
github.com/gochain/gochain/pkg/security/fuzzer.go:369.32,371.4 0 0
github.com/gochain/gochain/pkg/security/fuzzer.go:375.2,383.23 2 259
github.com/gochain/gochain/pkg/security/fuzzer.go:387.54,388.15 1 259
github.com/gochain/gochain/pkg/security/fuzzer.go:388.15,389.31 1 259
github.com/gochain/gochain/pkg/security/fuzzer.go:389.32,391.4 0 0
github.com/gochain/gochain/pkg/security/fuzzer.go:395.2,398.36 3 259
github.com/gochain/gochain/pkg/security/fuzzer.go:398.36,402.3 3 257
github.com/gochain/gochain/pkg/security/fuzzer.go:406.52,407.15 1 259
github.com/gochain/gochain/pkg/security/fuzzer.go:407.15,408.31 1 259
github.com/gochain/gochain/pkg/security/fuzzer.go:408.32,410.4 0 257
github.com/gochain/gochain/pkg/security/fuzzer.go:414.2,414.20 1 259
github.com/gochain/gochain/pkg/security/fuzzer.go:414.20,418.3 3 257
github.com/gochain/gochain/pkg/security/fuzzer.go:422.59,429.28 3 255
github.com/gochain/gochain/pkg/security/fuzzer.go:429.28,431.3 1 140318
github.com/gochain/gochain/pkg/security/fuzzer.go:434.2,434.29 1 255
github.com/gochain/gochain/pkg/security/fuzzer.go:434.29,436.3 1 255
github.com/gochain/gochain/pkg/security/fuzzer.go:438.2,438.14 1 255
github.com/gochain/gochain/pkg/security/fuzzer.go:442.67,443.21 1 256
github.com/gochain/gochain/pkg/security/fuzzer.go:443.21,445.3 1 0
github.com/gochain/gochain/pkg/security/fuzzer.go:447.2,452.22 4 256
github.com/gochain/gochain/pkg/security/fuzzer.go:453.9,456.20 2 51
github.com/gochain/gochain/pkg/security/fuzzer.go:457.9,460.37 2 61
github.com/gochain/gochain/pkg/security/fuzzer.go:461.9,463.43 1 48
github.com/gochain/gochain/pkg/security/fuzzer.go:463.43,467.4 3 48
github.com/gochain/gochain/pkg/security/fuzzer.go:468.9,470.43 1 43
github.com/gochain/gochain/pkg/security/fuzzer.go:470.43,473.4 2 43
github.com/gochain/gochain/pkg/security/fuzzer.go:474.9,476.43 1 53
github.com/gochain/gochain/pkg/security/fuzzer.go:476.43,480.4 3 53
github.com/gochain/gochain/pkg/security/fuzzer.go:483.2,483.16 1 256
github.com/gochain/gochain/pkg/security/fuzzer.go:487.54,492.30 4 14
github.com/gochain/gochain/pkg/security/fuzzer.go:492.30,494.3 1 22
github.com/gochain/gochain/pkg/security/fuzzer.go:495.2,495.16 1 14
github.com/gochain/gochain/pkg/security/fuzzer.go:499.42,513.36 10 1
github.com/gochain/gochain/pkg/security/fuzzer.go:513.36,521.35 8 1
github.com/gochain/gochain/pkg/security/fuzzer.go:521.35,523.4 1 0
github.com/gochain/gochain/pkg/security/fuzzer.go:524.3,530.38 6 1
github.com/gochain/gochain/pkg/security/fuzzer.go:533.2,540.22 7 1
github.com/gochain/gochain/pkg/security/fuzzer.go:540.22,542.34 2 1
github.com/gochain/gochain/pkg/security/fuzzer.go:542.34,543.46 1 1
github.com/gochain/gochain/pkg/security/fuzzer.go:543.46,549.5 5 0
github.com/gochain/gochain/pkg/security/fuzzer.go:553.2,553.15 1 1
github.com/gochain/gochain/pkg/security/fuzzer.go:557.24,558.11 1 1552
github.com/gochain/gochain/pkg/security/fuzzer.go:558.11,560.3 1 102
github.com/gochain/gochain/pkg/security/fuzzer.go:561.2,561.10 1 1450
github.com/gochain/gochain/pkg/security/fuzzer.go:564.29,568.2 3 0
