mode: atomic
github.com/gochain/gochain/pkg/explorer/service/explorer.go:24.19,30.2 1 13
github.com/gochain/gochain/pkg/explorer/service/explorer.go:33.81,36.16 2 4
github.com/gochain/gochain/pkg/explorer/service/explorer.go:36.16,38.3 1 3
github.com/gochain/gochain/pkg/explorer/service/explorer.go:41.2,42.16 2 1
github.com/gochain/gochain/pkg/explorer/service/explorer.go:42.16,44.3 1 0
github.com/gochain/gochain/pkg/explorer/service/explorer.go:47.2,48.16 2 1
github.com/gochain/gochain/pkg/explorer/service/explorer.go:48.16,50.3 1 0
github.com/gochain/gochain/pkg/explorer/service/explorer.go:53.2,67.46 3 1
github.com/gochain/gochain/pkg/explorer/service/explorer.go:67.46,80.3 2 5
github.com/gochain/gochain/pkg/explorer/service/explorer.go:82.2,90.23 2 1
github.com/gochain/gochain/pkg/explorer/service/explorer.go:94.100,97.59 2 3
github.com/gochain/gochain/pkg/explorer/service/explorer.go:97.59,98.53 1 1
github.com/gochain/gochain/pkg/explorer/service/explorer.go:98.53,100.4 1 1
github.com/gochain/gochain/pkg/explorer/service/explorer.go:104.2,105.16 2 2
github.com/gochain/gochain/pkg/explorer/service/explorer.go:105.16,107.3 1 1
github.com/gochain/gochain/pkg/explorer/service/explorer.go:110.2,111.29 2 1
github.com/gochain/gochain/pkg/explorer/service/explorer.go:111.29,113.37 2 1
github.com/gochain/gochain/pkg/explorer/service/explorer.go:113.37,115.4 1 1
github.com/gochain/gochain/pkg/explorer/service/explorer.go:119.2,121.36 3 1
github.com/gochain/gochain/pkg/explorer/service/explorer.go:121.36,123.3 1 0
github.com/gochain/gochain/pkg/explorer/service/explorer.go:126.2,138.40 3 1
github.com/gochain/gochain/pkg/explorer/service/explorer.go:138.40,151.3 2 3
github.com/gochain/gochain/pkg/explorer/service/explorer.go:154.2,174.26 4 1
github.com/gochain/gochain/pkg/explorer/service/explorer.go:178.112,181.59 2 2
github.com/gochain/gochain/pkg/explorer/service/explorer.go:181.59,182.56 1 0
github.com/gochain/gochain/pkg/explorer/service/explorer.go:182.56,184.4 1 0
github.com/gochain/gochain/pkg/explorer/service/explorer.go:188.2,189.16 2 2
github.com/gochain/gochain/pkg/explorer/service/explorer.go:189.16,191.3 1 1
github.com/gochain/gochain/pkg/explorer/service/explorer.go:194.2,195.16 2 1
github.com/gochain/gochain/pkg/explorer/service/explorer.go:195.16,197.3 1 0
github.com/gochain/gochain/pkg/explorer/service/explorer.go:200.2,214.34 3 1
github.com/gochain/gochain/pkg/explorer/service/explorer.go:214.34,223.3 2 2
github.com/gochain/gochain/pkg/explorer/service/explorer.go:226.2,227.36 2 1
github.com/gochain/gochain/pkg/explorer/service/explorer.go:227.36,237.3 2 3
github.com/gochain/gochain/pkg/explorer/service/explorer.go:240.2,261.23 4 1
github.com/gochain/gochain/pkg/explorer/service/explorer.go:265.107,268.59 2 1
github.com/gochain/gochain/pkg/explorer/service/explorer.go:268.59,269.57 1 0
github.com/gochain/gochain/pkg/explorer/service/explorer.go:269.57,271.4 1 0
github.com/gochain/gochain/pkg/explorer/service/explorer.go:275.2,276.16 2 1
github.com/gochain/gochain/pkg/explorer/service/explorer.go:276.16,278.3 1 0
github.com/gochain/gochain/pkg/explorer/service/explorer.go:281.2,282.16 2 1
github.com/gochain/gochain/pkg/explorer/service/explorer.go:282.16,284.3 1 0
github.com/gochain/gochain/pkg/explorer/service/explorer.go:287.2,288.16 2 1
github.com/gochain/gochain/pkg/explorer/service/explorer.go:288.16,290.3 1 0
github.com/gochain/gochain/pkg/explorer/service/explorer.go:293.2,294.34 2 1
github.com/gochain/gochain/pkg/explorer/service/explorer.go:294.34,297.17 2 2
github.com/gochain/gochain/pkg/explorer/service/explorer.go:297.17,298.12 1 0
github.com/gochain/gochain/pkg/explorer/service/explorer.go:301.3,312.47 2 2
github.com/gochain/gochain/pkg/explorer/service/explorer.go:316.2,317.26 2 1
github.com/gochain/gochain/pkg/explorer/service/explorer.go:317.26,320.3 2 1
github.com/gochain/gochain/pkg/explorer/service/explorer.go:323.2,345.28 6 1
github.com/gochain/gochain/pkg/explorer/service/explorer.go:349.102,358.19 5 1
github.com/gochain/gochain/pkg/explorer/service/explorer.go:358.19,360.3 1 0
github.com/gochain/gochain/pkg/explorer/service/explorer.go:363.2,363.54 1 1
github.com/gochain/gochain/pkg/explorer/service/explorer.go:363.54,365.33 2 10
github.com/gochain/gochain/pkg/explorer/service/explorer.go:365.33,366.12 1 0
github.com/gochain/gochain/pkg/explorer/service/explorer.go:369.3,378.40 2 10
github.com/gochain/gochain/pkg/explorer/service/explorer.go:381.2,381.20 1 1
github.com/gochain/gochain/pkg/explorer/service/explorer.go:385.114,394.19 5 1
github.com/gochain/gochain/pkg/explorer/service/explorer.go:394.19,396.3 1 0
github.com/gochain/gochain/pkg/explorer/service/explorer.go:399.2,399.54 1 1
github.com/gochain/gochain/pkg/explorer/service/explorer.go:399.54,401.33 2 2
github.com/gochain/gochain/pkg/explorer/service/explorer.go:401.33,402.12 1 0
github.com/gochain/gochain/pkg/explorer/service/explorer.go:405.3,405.41 1 2
github.com/gochain/gochain/pkg/explorer/service/explorer.go:405.41,406.34 1 10
github.com/gochain/gochain/pkg/explorer/service/explorer.go:406.34,407.10 1 0
github.com/gochain/gochain/pkg/explorer/service/explorer.go:410.4,421.50 2 10
github.com/gochain/gochain/pkg/explorer/service/explorer.go:424.3,424.33 1 2
github.com/gochain/gochain/pkg/explorer/service/explorer.go:424.33,425.9 1 1
github.com/gochain/gochain/pkg/explorer/service/explorer.go:429.2,429.26 1 1
github.com/gochain/gochain/pkg/explorer/service/explorer.go:433.92,436.59 2 1
github.com/gochain/gochain/pkg/explorer/service/explorer.go:436.59,437.53 1 0
github.com/gochain/gochain/pkg/explorer/service/explorer.go:437.53,439.4 1 0
github.com/gochain/gochain/pkg/explorer/service/explorer.go:443.2,444.16 2 1
github.com/gochain/gochain/pkg/explorer/service/explorer.go:444.16,446.3 1 0
github.com/gochain/gochain/pkg/explorer/service/explorer.go:449.2,451.20 2 1
github.com/gochain/gochain/pkg/explorer/service/explorer.go:455.83,458.16 2 1
github.com/gochain/gochain/pkg/explorer/service/explorer.go:458.16,460.3 1 0
github.com/gochain/gochain/pkg/explorer/service/explorer.go:463.2,464.16 2 1
github.com/gochain/gochain/pkg/explorer/service/explorer.go:464.16,466.3 1 0
github.com/gochain/gochain/pkg/explorer/service/explorer.go:469.2,484.24 4 1
github.com/gochain/gochain/pkg/explorer/service/explorer.go:490.84,492.36 2 21
github.com/gochain/gochain/pkg/explorer/service/explorer.go:492.36,494.3 1 6
github.com/gochain/gochain/pkg/explorer/service/explorer.go:495.2,495.14 1 21
github.com/gochain/gochain/pkg/explorer/service/explorer.go:499.77,501.34 2 14
github.com/gochain/gochain/pkg/explorer/service/explorer.go:501.34,503.3 1 1
github.com/gochain/gochain/pkg/explorer/service/explorer.go:504.2,504.36 1 13
github.com/gochain/gochain/pkg/explorer/service/explorer.go:508.72,510.26 2 1
github.com/gochain/gochain/pkg/explorer/service/explorer.go:510.26,512.3 1 1
github.com/gochain/gochain/pkg/explorer/service/explorer.go:512.8,512.31 1 0
github.com/gochain/gochain/pkg/explorer/service/explorer.go:512.31,514.3 1 0
github.com/gochain/gochain/pkg/explorer/service/explorer.go:514.8,514.31 1 0
github.com/gochain/gochain/pkg/explorer/service/explorer.go:514.31,516.3 1 0
github.com/gochain/gochain/pkg/explorer/service/explorer.go:517.2,517.22 1 0
github.com/gochain/gochain/pkg/explorer/service/explorer.go:521.85,526.39 2 3
github.com/gochain/gochain/pkg/explorer/service/explorer.go:526.39,528.33 2 303
github.com/gochain/gochain/pkg/explorer/service/explorer.go:528.33,529.12 1 300
github.com/gochain/gochain/pkg/explorer/service/explorer.go:532.3,532.41 1 3
github.com/gochain/gochain/pkg/explorer/service/explorer.go:532.41,533.41 1 6
github.com/gochain/gochain/pkg/explorer/service/explorer.go:533.41,535.5 1 3
github.com/gochain/gochain/pkg/explorer/service/explorer.go:539.2,539.62 1 0
github.com/gochain/gochain/pkg/explorer/service/explorer.go:543.74,546.22 1 5
github.com/gochain/gochain/pkg/explorer/service/explorer.go:546.22,548.3 1 0
github.com/gochain/gochain/pkg/explorer/service/explorer.go:551.2,551.57 1 5
github.com/gochain/gochain/pkg/explorer/service/explorer.go:555.24,556.11 1 5
github.com/gochain/gochain/pkg/explorer/service/explorer.go:556.11,558.3 1 0
github.com/gochain/gochain/pkg/explorer/service/explorer.go:559.2,559.10 1 5
