mode: atomic
github.com/gochain/gochain/pkg/storage/interface.go:39.42,41.2 1 0
github.com/gochain/gochain/pkg/storage/interface.go:44.107,45.21 1 0
github.com/gochain/gochain/pkg/storage/interface.go:46.26,48.35 2 0
github.com/gochain/gochain/pkg/storage/interface.go:49.23,50.14 1 0
github.com/gochain/gochain/pkg/storage/interface.go:51.10,53.28 2 0
github.com/gochain/gochain/pkg/storage/leveldb_storage.go:30.58,37.2 1 5
github.com/gochain/gochain/pkg/storage/leveldb_storage.go:40.82,43.2 2 4
github.com/gochain/gochain/pkg/storage/leveldb_storage.go:46.84,49.2 2 1
github.com/gochain/gochain/pkg/storage/leveldb_storage.go:52.95,55.2 2 1
github.com/gochain/gochain/pkg/storage/leveldb_storage.go:58.83,61.2 2 1
github.com/gochain/gochain/pkg/storage/leveldb_storage.go:64.79,66.50 1 4
github.com/gochain/gochain/pkg/storage/leveldb_storage.go:66.50,68.3 1 0
github.com/gochain/gochain/pkg/storage/leveldb_storage.go:71.2,79.25 2 4
github.com/gochain/gochain/pkg/storage/leveldb_storage.go:79.25,81.3 1 0
github.com/gochain/gochain/pkg/storage/leveldb_storage.go:84.2,85.16 2 4
github.com/gochain/gochain/pkg/storage/leveldb_storage.go:85.16,87.3 1 0
github.com/gochain/gochain/pkg/storage/leveldb_storage.go:89.2,92.8 1 4
github.com/gochain/gochain/pkg/storage/leveldb_storage.go:96.59,97.14 1 3
github.com/gochain/gochain/pkg/storage/leveldb_storage.go:97.14,99.3 1 1
github.com/gochain/gochain/pkg/storage/leveldb_storage.go:102.2,103.16 2 2
github.com/gochain/gochain/pkg/storage/leveldb_storage.go:103.16,105.3 1 0
github.com/gochain/gochain/pkg/storage/leveldb_storage.go:108.2,109.33 2 2
github.com/gochain/gochain/pkg/storage/leveldb_storage.go:113.70,114.35 1 3
github.com/gochain/gochain/pkg/storage/leveldb_storage.go:114.35,116.3 1 0
github.com/gochain/gochain/pkg/storage/leveldb_storage.go:118.2,120.16 3 3
github.com/gochain/gochain/pkg/storage/leveldb_storage.go:120.16,121.33 1 1
github.com/gochain/gochain/pkg/storage/leveldb_storage.go:121.33,123.4 1 1
github.com/gochain/gochain/pkg/storage/leveldb_storage.go:124.3,124.57 1 0
github.com/gochain/gochain/pkg/storage/leveldb_storage.go:127.2,128.49 2 2
github.com/gochain/gochain/pkg/storage/leveldb_storage.go:128.49,130.3 1 0
github.com/gochain/gochain/pkg/storage/leveldb_storage.go:132.2,132.16 1 2
github.com/gochain/gochain/pkg/storage/leveldb_storage.go:136.67,137.18 1 3
github.com/gochain/gochain/pkg/storage/leveldb_storage.go:137.18,139.3 1 1
github.com/gochain/gochain/pkg/storage/leveldb_storage.go:141.2,142.16 2 2
github.com/gochain/gochain/pkg/storage/leveldb_storage.go:142.16,144.3 1 0
github.com/gochain/gochain/pkg/storage/leveldb_storage.go:146.2,147.33 2 2
github.com/gochain/gochain/pkg/storage/leveldb_storage.go:151.63,154.16 3 2
github.com/gochain/gochain/pkg/storage/leveldb_storage.go:154.16,155.33 1 0
github.com/gochain/gochain/pkg/storage/leveldb_storage.go:155.33,157.4 1 0
github.com/gochain/gochain/pkg/storage/leveldb_storage.go:158.3,158.63 1 0
github.com/gochain/gochain/pkg/storage/leveldb_storage.go:161.2,162.53 2 2
github.com/gochain/gochain/pkg/storage/leveldb_storage.go:162.53,164.3 1 0
github.com/gochain/gochain/pkg/storage/leveldb_storage.go:166.2,166.20 1 2
github.com/gochain/gochain/pkg/storage/leveldb_storage.go:170.64,171.33 1 113
github.com/gochain/gochain/pkg/storage/leveldb_storage.go:171.33,173.3 1 1
github.com/gochain/gochain/pkg/storage/leveldb_storage.go:174.2,174.18 1 112
github.com/gochain/gochain/pkg/storage/leveldb_storage.go:174.18,176.3 1 1
github.com/gochain/gochain/pkg/storage/leveldb_storage.go:178.2,178.34 1 111
github.com/gochain/gochain/pkg/storage/leveldb_storage.go:182.59,183.33 1 11
github.com/gochain/gochain/pkg/storage/leveldb_storage.go:183.33,185.3 1 0
github.com/gochain/gochain/pkg/storage/leveldb_storage.go:187.2,188.16 2 11
github.com/gochain/gochain/pkg/storage/leveldb_storage.go:188.16,189.33 1 0
github.com/gochain/gochain/pkg/storage/leveldb_storage.go:189.33,191.4 1 0
github.com/gochain/gochain/pkg/storage/leveldb_storage.go:192.3,192.67 1 0
github.com/gochain/gochain/pkg/storage/leveldb_storage.go:195.2,195.18 1 11
github.com/gochain/gochain/pkg/storage/leveldb_storage.go:199.51,200.33 1 1
github.com/gochain/gochain/pkg/storage/leveldb_storage.go:200.33,202.3 1 0
github.com/gochain/gochain/pkg/storage/leveldb_storage.go:204.2,204.30 1 1
github.com/gochain/gochain/pkg/storage/leveldb_storage.go:208.56,209.33 1 2
github.com/gochain/gochain/pkg/storage/leveldb_storage.go:209.33,211.3 1 0
github.com/gochain/gochain/pkg/storage/leveldb_storage.go:213.2,213.27 1 2
github.com/gochain/gochain/pkg/storage/leveldb_storage.go:217.40,218.17 1 4
github.com/gochain/gochain/pkg/storage/leveldb_storage.go:218.17,220.3 1 4
github.com/gochain/gochain/pkg/storage/leveldb_storage.go:221.2,221.12 1 0
github.com/gochain/gochain/pkg/storage/leveldb_storage.go:225.42,226.17 1 1
github.com/gochain/gochain/pkg/storage/leveldb_storage.go:226.17,229.3 1 1
github.com/gochain/gochain/pkg/storage/leveldb_storage.go:230.2,230.12 1 0
github.com/gochain/gochain/pkg/storage/leveldb_storage.go:234.60,237.17 2 1
github.com/gochain/gochain/pkg/storage/leveldb_storage.go:237.17,244.3 2 1
github.com/gochain/gochain/pkg/storage/leveldb_storage.go:246.2,246.14 1 1
github.com/gochain/gochain/pkg/storage/leveldb_storage.go:250.39,256.2 5 5
github.com/gochain/gochain/pkg/storage/leveldb_storage.go:259.34,261.2 1 4
github.com/gochain/gochain/pkg/storage/pruning.go:30.44,42.2 1 0
github.com/gochain/gochain/pkg/storage/pruning.go:61.89,62.19 1 0
github.com/gochain/gochain/pkg/storage/pruning.go:62.19,64.3 1 0
github.com/gochain/gochain/pkg/storage/pruning.go:66.2,70.3 1 0
github.com/gochain/gochain/pkg/storage/pruning.go:74.46,75.24 1 0
github.com/gochain/gochain/pkg/storage/pruning.go:75.24,77.3 1 0
github.com/gochain/gochain/pkg/storage/pruning.go:79.2,82.64 3 0
github.com/gochain/gochain/pkg/storage/pruning.go:86.48,87.31 1 0
github.com/gochain/gochain/pkg/storage/pruning.go:87.31,89.3 1 0
github.com/gochain/gochain/pkg/storage/pruning.go:91.2,94.68 3 0
github.com/gochain/gochain/pkg/storage/pruning.go:98.67,99.24 1 0
github.com/gochain/gochain/pkg/storage/pruning.go:99.24,101.3 1 0
github.com/gochain/gochain/pkg/storage/pruning.go:103.2,108.42 4 0
github.com/gochain/gochain/pkg/storage/pruning.go:108.42,110.3 1 0
github.com/gochain/gochain/pkg/storage/pruning.go:112.2,112.23 1 0
github.com/gochain/gochain/pkg/storage/pruning.go:112.23,114.3 1 0
github.com/gochain/gochain/pkg/storage/pruning.go:117.2,118.16 2 0
github.com/gochain/gochain/pkg/storage/pruning.go:118.16,120.3 1 0
github.com/gochain/gochain/pkg/storage/pruning.go:123.2,124.63 2 0
github.com/gochain/gochain/pkg/storage/pruning.go:124.63,126.31 2 0
github.com/gochain/gochain/pkg/storage/pruning.go:126.31,128.4 1 0
github.com/gochain/gochain/pkg/storage/pruning.go:130.3,131.51 2 0
github.com/gochain/gochain/pkg/storage/pruning.go:131.51,133.4 1 0
github.com/gochain/gochain/pkg/storage/pruning.go:135.3,135.36 1 0
github.com/gochain/gochain/pkg/storage/pruning.go:139.2,145.12 4 0
github.com/gochain/gochain/pkg/storage/pruning.go:149.89,157.2 2 0
github.com/gochain/gochain/pkg/storage/pruning.go:160.72,161.31 1 0
github.com/gochain/gochain/pkg/storage/pruning.go:161.31,162.46 1 0
github.com/gochain/gochain/pkg/storage/pruning.go:162.46,164.4 1 0
github.com/gochain/gochain/pkg/storage/pruning.go:166.2,166.12 1 0
github.com/gochain/gochain/pkg/storage/pruning.go:170.64,181.2 2 0
github.com/gochain/gochain/pkg/storage/pruning.go:184.69,185.31 1 0
github.com/gochain/gochain/pkg/storage/pruning.go:185.31,187.3 1 0
github.com/gochain/gochain/pkg/storage/pruning.go:189.2,194.42 4 0
github.com/gochain/gochain/pkg/storage/pruning.go:194.42,196.3 1 0
github.com/gochain/gochain/pkg/storage/pruning.go:198.2,198.30 1 0
github.com/gochain/gochain/pkg/storage/pruning.go:198.30,200.3 1 0
github.com/gochain/gochain/pkg/storage/pruning.go:203.2,204.16 2 0
github.com/gochain/gochain/pkg/storage/pruning.go:204.16,206.3 1 0
github.com/gochain/gochain/pkg/storage/pruning.go:209.2,210.65 2 0
github.com/gochain/gochain/pkg/storage/pruning.go:210.65,212.33 2 0
github.com/gochain/gochain/pkg/storage/pruning.go:212.33,214.4 1 0
github.com/gochain/gochain/pkg/storage/pruning.go:216.3,217.53 2 0
github.com/gochain/gochain/pkg/storage/pruning.go:217.53,219.4 1 0
github.com/gochain/gochain/pkg/storage/pruning.go:221.3,221.38 1 0
github.com/gochain/gochain/pkg/storage/pruning.go:225.2,231.12 4 0
github.com/gochain/gochain/pkg/storage/pruning.go:235.91,243.2 2 0
github.com/gochain/gochain/pkg/storage/pruning.go:246.74,247.31 1 0
github.com/gochain/gochain/pkg/storage/pruning.go:247.31,248.48 1 0
github.com/gochain/gochain/pkg/storage/pruning.go:248.48,250.4 1 0
github.com/gochain/gochain/pkg/storage/pruning.go:252.2,252.12 1 0
github.com/gochain/gochain/pkg/storage/pruning.go:256.66,264.2 1 0
github.com/gochain/gochain/pkg/storage/pruning.go:274.33,276.2 1 0
github.com/gochain/gochain/pkg/storage/pruning.go:279.87,284.2 4 0
github.com/gochain/gochain/pkg/storage/pruning.go:287.90,292.2 4 0
github.com/gochain/gochain/pkg/storage/pruning.go:295.61,300.29 4 0
github.com/gochain/gochain/pkg/storage/pruning.go:300.29,302.3 1 0
github.com/gochain/gochain/pkg/storage/pruning.go:305.2,309.14 4 0
github.com/gochain/gochain/pkg/storage/pruning.go:313.88,314.24 1 0
github.com/gochain/gochain/pkg/storage/pruning.go:314.24,316.3 1 0
github.com/gochain/gochain/pkg/storage/pruning.go:318.2,319.42 2 0
github.com/gochain/gochain/pkg/storage/pruning.go:319.42,321.3 1 0
github.com/gochain/gochain/pkg/storage/pruning.go:323.2,323.23 1 0
github.com/gochain/gochain/pkg/storage/pruning.go:323.23,325.3 1 0
github.com/gochain/gochain/pkg/storage/pruning.go:329.2,332.48 3 0
github.com/gochain/gochain/pkg/storage/pruning.go:336.105,339.24 2 0
github.com/gochain/gochain/pkg/storage/pruning.go:339.24,342.3 2 0
github.com/gochain/gochain/pkg/storage/pruning.go:345.2,345.46 1 0
github.com/gochain/gochain/pkg/storage/pruning.go:345.46,347.3 1 0
github.com/gochain/gochain/pkg/storage/pruning.go:350.2,350.34 1 0
github.com/gochain/gochain/pkg/storage/pruning.go:350.34,352.3 1 0
github.com/gochain/gochain/pkg/storage/pruning.go:355.2,355.31 1 0
github.com/gochain/gochain/pkg/storage/pruning.go:355.31,357.3 1 0
github.com/gochain/gochain/pkg/storage/pruning.go:359.2,359.24 1 0
github.com/gochain/gochain/pkg/storage/pruning.go:363.50,372.2 1 0
github.com/gochain/gochain/pkg/storage/pruning.go:375.86,384.2 1 0
github.com/gochain/gochain/pkg/storage/pruning.go:387.68,393.2 1 0
github.com/gochain/gochain/pkg/storage/pruning.go:396.78,397.19 1 0
github.com/gochain/gochain/pkg/storage/pruning.go:397.19,399.3 1 0
github.com/gochain/gochain/pkg/storage/pruning.go:401.2,401.28 1 0
github.com/gochain/gochain/pkg/storage/pruning.go:401.28,403.3 1 0
github.com/gochain/gochain/pkg/storage/pruning.go:405.2,405.31 1 0
github.com/gochain/gochain/pkg/storage/pruning.go:405.31,407.3 1 0
github.com/gochain/gochain/pkg/storage/pruning.go:409.2,409.27 1 0
github.com/gochain/gochain/pkg/storage/pruning.go:409.27,411.3 1 0
github.com/gochain/gochain/pkg/storage/pruning.go:413.2,413.32 1 0
github.com/gochain/gochain/pkg/storage/pruning.go:413.32,415.3 1 0
github.com/gochain/gochain/pkg/storage/pruning.go:417.2,417.12 1 0
github.com/gochain/gochain/pkg/storage/pruning.go:421.119,427.2 2 0
github.com/gochain/gochain/pkg/storage/pruning.go:430.80,435.21 2 0
github.com/gochain/gochain/pkg/storage/pruning.go:435.21,437.3 1 0
github.com/gochain/gochain/pkg/storage/pruning.go:439.2,440.54 2 0
github.com/gochain/gochain/pkg/storage/storage.go:24.44,26.2 1 0
github.com/gochain/gochain/pkg/storage/storage.go:29.68,34.2 2 0
github.com/gochain/gochain/pkg/storage/storage.go:37.58,38.58 1 28
github.com/gochain/gochain/pkg/storage/storage.go:38.58,40.3 1 2
github.com/gochain/gochain/pkg/storage/storage.go:41.2,41.47 1 26
github.com/gochain/gochain/pkg/storage/storage.go:45.52,46.14 1 1416
github.com/gochain/gochain/pkg/storage/storage.go:46.14,48.3 1 1
github.com/gochain/gochain/pkg/storage/storage.go:50.2,51.16 2 1415
github.com/gochain/gochain/pkg/storage/storage.go:51.16,53.3 1 0
github.com/gochain/gochain/pkg/storage/storage.go:54.2,57.42 3 1415
github.com/gochain/gochain/pkg/storage/storage.go:57.42,59.3 1 0
github.com/gochain/gochain/pkg/storage/storage.go:60.2,60.12 1 1415
github.com/gochain/gochain/pkg/storage/storage.go:64.63,65.35 1 1206
github.com/gochain/gochain/pkg/storage/storage.go:65.35,67.3 1 2
github.com/gochain/gochain/pkg/storage/storage.go:69.2,70.16 2 1204
github.com/gochain/gochain/pkg/storage/storage.go:70.16,72.3 1 0
github.com/gochain/gochain/pkg/storage/storage.go:73.2,77.43 4 1204
github.com/gochain/gochain/pkg/storage/storage.go:77.43,79.3 1 1
github.com/gochain/gochain/pkg/storage/storage.go:80.2,80.16 1 1203
github.com/gochain/gochain/pkg/storage/storage.go:90.60,91.18 1 4
github.com/gochain/gochain/pkg/storage/storage.go:91.18,93.3 1 1
github.com/gochain/gochain/pkg/storage/storage.go:95.2,96.16 2 3
github.com/gochain/gochain/pkg/storage/storage.go:96.16,98.3 1 0
github.com/gochain/gochain/pkg/storage/storage.go:99.2,102.46 3 3
github.com/gochain/gochain/pkg/storage/storage.go:102.46,104.3 1 0
github.com/gochain/gochain/pkg/storage/storage.go:105.2,105.12 1 3
github.com/gochain/gochain/pkg/storage/storage.go:109.56,111.16 2 3
github.com/gochain/gochain/pkg/storage/storage.go:111.16,112.25 1 0
github.com/gochain/gochain/pkg/storage/storage.go:112.25,114.4 1 0
github.com/gochain/gochain/pkg/storage/storage.go:115.3,115.69 1 0
github.com/gochain/gochain/pkg/storage/storage.go:117.2,121.47 4 3
github.com/gochain/gochain/pkg/storage/storage.go:121.47,123.3 1 1
github.com/gochain/gochain/pkg/storage/storage.go:124.2,124.20 1 2
github.com/gochain/gochain/pkg/storage/storage.go:128.57,129.33 1 6013
github.com/gochain/gochain/pkg/storage/storage.go:129.33,131.3 1 2
github.com/gochain/gochain/pkg/storage/storage.go:132.2,132.18 1 6011
github.com/gochain/gochain/pkg/storage/storage.go:132.18,134.3 1 1
github.com/gochain/gochain/pkg/storage/storage.go:136.2,137.60 2 6010
github.com/gochain/gochain/pkg/storage/storage.go:137.60,139.3 1 0
github.com/gochain/gochain/pkg/storage/storage.go:140.2,140.12 1 6010
github.com/gochain/gochain/pkg/storage/storage.go:144.52,145.33 1 6009
github.com/gochain/gochain/pkg/storage/storage.go:145.33,147.3 1 1
github.com/gochain/gochain/pkg/storage/storage.go:149.2,151.16 3 6008
github.com/gochain/gochain/pkg/storage/storage.go:151.16,152.25 1 1
github.com/gochain/gochain/pkg/storage/storage.go:152.25,154.4 1 1
github.com/gochain/gochain/pkg/storage/storage.go:155.3,155.67 1 0
github.com/gochain/gochain/pkg/storage/storage.go:157.2,157.18 1 6007
github.com/gochain/gochain/pkg/storage/storage.go:161.44,162.33 1 1003
github.com/gochain/gochain/pkg/storage/storage.go:162.33,164.3 1 1
github.com/gochain/gochain/pkg/storage/storage.go:166.2,167.44 2 1002
github.com/gochain/gochain/pkg/storage/storage.go:167.44,169.3 1 0
github.com/gochain/gochain/pkg/storage/storage.go:170.2,170.12 1 1002
github.com/gochain/gochain/pkg/storage/storage.go:174.49,175.33 1 2004
github.com/gochain/gochain/pkg/storage/storage.go:175.33,177.3 1 1
github.com/gochain/gochain/pkg/storage/storage.go:179.2,181.16 3 2003
github.com/gochain/gochain/pkg/storage/storage.go:181.16,182.25 1 1002
github.com/gochain/gochain/pkg/storage/storage.go:182.25,184.4 1 1002
github.com/gochain/gochain/pkg/storage/storage.go:185.3,185.69 1 0
github.com/gochain/gochain/pkg/storage/storage.go:187.2,187.18 1 1001
github.com/gochain/gochain/pkg/storage/storage.go:191.33,193.2 1 25
github.com/gochain/gochain/pkg/storage/trie.go:39.32,44.2 1 13
github.com/gochain/gochain/pkg/storage/trie.go:47.57,48.33 1 27
github.com/gochain/gochain/pkg/storage/trie.go:48.33,50.3 1 2
github.com/gochain/gochain/pkg/storage/trie.go:51.2,51.18 1 25
github.com/gochain/gochain/pkg/storage/trie.go:51.18,53.3 1 1
github.com/gochain/gochain/pkg/storage/trie.go:55.2,62.12 6 24
github.com/gochain/gochain/pkg/storage/trie.go:66.82,67.17 1 66
github.com/gochain/gochain/pkg/storage/trie.go:67.17,77.3 3 18
github.com/gochain/gochain/pkg/storage/trie.go:79.2,79.20 1 48
github.com/gochain/gochain/pkg/storage/trie.go:79.20,84.3 3 0
github.com/gochain/gochain/pkg/storage/trie.go:86.2,86.17 1 48
github.com/gochain/gochain/pkg/storage/trie.go:86.17,88.24 1 6
github.com/gochain/gochain/pkg/storage/trie.go:88.24,92.4 3 2
github.com/gochain/gochain/pkg/storage/trie.go:95.3,104.28 4 4
github.com/gochain/gochain/pkg/storage/trie.go:104.28,106.4 1 0
github.com/gochain/gochain/pkg/storage/trie.go:107.3,107.34 1 4
github.com/gochain/gochain/pkg/storage/trie.go:107.34,108.31 1 30
github.com/gochain/gochain/pkg/storage/trie.go:108.31,110.5 1 26
github.com/gochain/gochain/pkg/storage/trie.go:110.10,111.10 1 4
github.com/gochain/gochain/pkg/storage/trie.go:116.3,116.41 1 4
github.com/gochain/gochain/pkg/storage/trie.go:116.41,125.4 3 4
github.com/gochain/gochain/pkg/storage/trie.go:128.3,128.36 1 4
github.com/gochain/gochain/pkg/storage/trie.go:128.36,137.4 3 4
github.com/gochain/gochain/pkg/storage/trie.go:140.3,140.28 1 4
github.com/gochain/gochain/pkg/storage/trie.go:140.28,150.4 4 4
github.com/gochain/gochain/pkg/storage/trie.go:152.3,153.16 2 0
github.com/gochain/gochain/pkg/storage/trie.go:157.2,157.36 1 42
github.com/gochain/gochain/pkg/storage/trie.go:157.36,158.72 1 9
github.com/gochain/gochain/pkg/storage/trie.go:158.72,161.50 2 9
github.com/gochain/gochain/pkg/storage/trie.go:161.50,164.26 2 9
github.com/gochain/gochain/pkg/storage/trie.go:164.26,168.6 2 0
github.com/gochain/gochain/pkg/storage/trie.go:169.5,169.16 1 9
github.com/gochain/gochain/pkg/storage/trie.go:173.3,178.4 1 0
github.com/gochain/gochain/pkg/storage/trie.go:182.2,183.55 2 33
github.com/gochain/gochain/pkg/storage/trie.go:183.55,185.3 1 15
github.com/gochain/gochain/pkg/storage/trie.go:185.8,187.3 1 18
github.com/gochain/gochain/pkg/storage/trie.go:189.2,190.13 2 33
github.com/gochain/gochain/pkg/storage/trie.go:194.53,195.33 1 33
github.com/gochain/gochain/pkg/storage/trie.go:195.33,197.3 1 2
github.com/gochain/gochain/pkg/storage/trie.go:199.2,204.20 5 31
github.com/gochain/gochain/pkg/storage/trie.go:208.65,209.17 1 109
github.com/gochain/gochain/pkg/storage/trie.go:209.17,211.3 1 1
github.com/gochain/gochain/pkg/storage/trie.go:213.2,213.17 1 108
github.com/gochain/gochain/pkg/storage/trie.go:213.17,215.21 1 29
github.com/gochain/gochain/pkg/storage/trie.go:215.21,217.4 1 24
github.com/gochain/gochain/pkg/storage/trie.go:219.3,219.24 1 5
github.com/gochain/gochain/pkg/storage/trie.go:219.24,221.4 1 5
github.com/gochain/gochain/pkg/storage/trie.go:222.3,222.13 1 0
github.com/gochain/gochain/pkg/storage/trie.go:226.2,226.36 1 79
github.com/gochain/gochain/pkg/storage/trie.go:226.36,227.72 1 25
github.com/gochain/gochain/pkg/storage/trie.go:227.72,230.50 2 24
github.com/gochain/gochain/pkg/storage/trie.go:230.50,232.5 1 24
github.com/gochain/gochain/pkg/storage/trie.go:234.3,234.13 1 1
github.com/gochain/gochain/pkg/storage/trie.go:238.2,238.20 1 54
github.com/gochain/gochain/pkg/storage/trie.go:238.20,240.3 1 0
github.com/gochain/gochain/pkg/storage/trie.go:242.2,243.55 2 54
github.com/gochain/gochain/pkg/storage/trie.go:243.55,245.3 1 54
github.com/gochain/gochain/pkg/storage/trie.go:247.2,247.12 1 0
github.com/gochain/gochain/pkg/storage/trie.go:251.46,252.33 1 3
github.com/gochain/gochain/pkg/storage/trie.go:252.33,254.3 1 2
github.com/gochain/gochain/pkg/storage/trie.go:256.2,261.19 5 1
github.com/gochain/gochain/pkg/storage/trie.go:261.19,263.3 1 0
github.com/gochain/gochain/pkg/storage/trie.go:265.2,265.12 1 1
github.com/gochain/gochain/pkg/storage/trie.go:269.71,270.17 1 2
github.com/gochain/gochain/pkg/storage/trie.go:270.17,272.3 1 0
github.com/gochain/gochain/pkg/storage/trie.go:274.2,274.17 1 2
github.com/gochain/gochain/pkg/storage/trie.go:274.17,275.24 1 1
github.com/gochain/gochain/pkg/storage/trie.go:275.24,277.4 1 1
github.com/gochain/gochain/pkg/storage/trie.go:278.3,278.14 1 0
github.com/gochain/gochain/pkg/storage/trie.go:281.2,281.20 1 1
github.com/gochain/gochain/pkg/storage/trie.go:281.20,283.3 1 0
github.com/gochain/gochain/pkg/storage/trie.go:285.2,286.55 2 1
github.com/gochain/gochain/pkg/storage/trie.go:286.55,290.38 2 1
github.com/gochain/gochain/pkg/storage/trie.go:290.38,292.4 1 1
github.com/gochain/gochain/pkg/storage/trie.go:295.3,295.30 1 1
github.com/gochain/gochain/pkg/storage/trie.go:295.30,296.43 1 0
github.com/gochain/gochain/pkg/storage/trie.go:296.43,297.21 1 0
github.com/gochain/gochain/pkg/storage/trie.go:297.21,305.6 1 0
github.com/gochain/gochain/pkg/storage/trie.go:310.3,310.30 1 1
github.com/gochain/gochain/pkg/storage/trie.go:310.30,312.4 1 1
github.com/gochain/gochain/pkg/storage/trie.go:314.3,314.40 1 0
github.com/gochain/gochain/pkg/storage/trie.go:317.2,317.13 1 0
github.com/gochain/gochain/pkg/storage/trie.go:321.39,325.19 3 5
github.com/gochain/gochain/pkg/storage/trie.go:325.19,327.3 1 0
github.com/gochain/gochain/pkg/storage/trie.go:328.2,328.20 1 5
github.com/gochain/gochain/pkg/storage/trie.go:332.62,333.17 1 62
github.com/gochain/gochain/pkg/storage/trie.go:333.17,335.3 1 0
github.com/gochain/gochain/pkg/storage/trie.go:337.2,343.19 4 62
github.com/gochain/gochain/pkg/storage/trie.go:344.20,347.37 3 22
github.com/gochain/gochain/pkg/storage/trie.go:348.25,351.24 3 5
github.com/gochain/gochain/pkg/storage/trie.go:351.24,353.4 1 0
github.com/gochain/gochain/pkg/storage/trie.go:354.22,358.32 3 35
github.com/gochain/gochain/pkg/storage/trie.go:358.32,360.4 1 82
github.com/gochain/gochain/pkg/storage/trie.go:361.3,363.28 2 35
github.com/gochain/gochain/pkg/storage/trie.go:363.28,365.49 2 82
github.com/gochain/gochain/pkg/storage/trie.go:365.49,367.5 1 82
github.com/gochain/gochain/pkg/storage/trie.go:371.2,372.16 2 62
github.com/gochain/gochain/pkg/storage/trie.go:376.37,387.2 5 1
github.com/gochain/gochain/pkg/storage/trie.go:390.48,391.17 1 5
github.com/gochain/gochain/pkg/storage/trie.go:391.17,393.3 1 0
github.com/gochain/gochain/pkg/storage/trie.go:396.2,396.38 1 5
github.com/gochain/gochain/pkg/storage/trie.go:396.38,398.3 1 4
github.com/gochain/gochain/pkg/storage/trie.go:401.2,401.39 1 5
github.com/gochain/gochain/pkg/storage/trie.go:405.60,406.33 1 1
github.com/gochain/gochain/pkg/storage/trie.go:406.33,408.3 1 0
github.com/gochain/gochain/pkg/storage/trie.go:410.2,416.9 6 1
github.com/gochain/gochain/pkg/storage/trie.go:416.9,418.3 1 0
github.com/gochain/gochain/pkg/storage/trie.go:419.2,419.19 1 1
github.com/gochain/gochain/pkg/storage/trie.go:423.97,424.17 1 2
github.com/gochain/gochain/pkg/storage/trie.go:424.17,426.3 1 0
github.com/gochain/gochain/pkg/storage/trie.go:428.2,428.17 1 2
github.com/gochain/gochain/pkg/storage/trie.go:428.17,429.24 1 1
github.com/gochain/gochain/pkg/storage/trie.go:429.24,432.4 2 1
github.com/gochain/gochain/pkg/storage/trie.go:433.3,433.20 1 0
github.com/gochain/gochain/pkg/storage/trie.go:436.2,436.36 1 1
github.com/gochain/gochain/pkg/storage/trie.go:436.36,437.72 1 0
github.com/gochain/gochain/pkg/storage/trie.go:437.72,439.50 2 0
github.com/gochain/gochain/pkg/storage/trie.go:439.50,442.5 2 0
github.com/gochain/gochain/pkg/storage/trie.go:444.3,444.20 1 0
github.com/gochain/gochain/pkg/storage/trie.go:447.2,447.20 1 1
github.com/gochain/gochain/pkg/storage/trie.go:447.20,449.3 1 0
github.com/gochain/gochain/pkg/storage/trie.go:451.2,452.55 2 1
github.com/gochain/gochain/pkg/storage/trie.go:452.55,455.3 2 1
github.com/gochain/gochain/pkg/storage/trie.go:457.2,457.19 1 0
github.com/gochain/gochain/pkg/storage/trie.go:461.97,462.21 1 1
github.com/gochain/gochain/pkg/storage/trie.go:462.21,464.3 1 0
github.com/gochain/gochain/pkg/storage/trie.go:466.2,466.13 1 1
github.com/gochain/gochain/pkg/storage/trie.go:470.55,475.48 4 2
github.com/gochain/gochain/pkg/storage/trie.go:475.48,477.3 1 1
github.com/gochain/gochain/pkg/storage/trie.go:477.8,479.3 1 1
github.com/gochain/gochain/pkg/storage/trie.go:480.2,484.14 4 2
github.com/gochain/gochain/pkg/storage/trie.go:488.52,489.17 1 6
github.com/gochain/gochain/pkg/storage/trie.go:489.17,491.3 1 0
github.com/gochain/gochain/pkg/storage/trie.go:493.2,494.38 2 6
github.com/gochain/gochain/pkg/storage/trie.go:494.38,496.3 1 4
github.com/gochain/gochain/pkg/storage/trie.go:498.2,498.14 1 6
github.com/gochain/gochain/pkg/storage/trie.go:502.56,503.17 1 6
github.com/gochain/gochain/pkg/storage/trie.go:503.17,505.3 1 0
github.com/gochain/gochain/pkg/storage/trie.go:507.2,507.17 1 6
github.com/gochain/gochain/pkg/storage/trie.go:507.17,509.3 1 2
github.com/gochain/gochain/pkg/storage/trie.go:511.2,512.38 2 4
github.com/gochain/gochain/pkg/storage/trie.go:512.38,514.3 1 4
github.com/gochain/gochain/pkg/storage/trie.go:516.2,516.14 1 4
github.com/gochain/gochain/pkg/storage/trie.go:520.50,521.22 1 0
github.com/gochain/gochain/pkg/storage/trie.go:521.22,523.3 1 0
github.com/gochain/gochain/pkg/storage/trie.go:524.2,524.19 1 0
github.com/gochain/gochain/pkg/storage/trie.go:524.19,525.19 1 0
github.com/gochain/gochain/pkg/storage/trie.go:525.19,527.4 1 0
github.com/gochain/gochain/pkg/storage/trie.go:529.2,529.13 1 0
